c:\users\aymen\source\repos\8inf852tp\release\8inf852tp.ipdb
c:\users\aymen\source\repos\8inf852tp\release\8inf852tp.iobj
c:\users\15812\desktop\uqac\hiver 2021\meo\tp1\8inf852tp\release\8inf852tp.ipdb
c:\users\15812\desktop\uqac\hiver 2021\meo\tp1\8inf852tp\release\8inf852tp.iobj
c:\users\15812\desktop\uqac\hiver 2021\meo\tp1\8inf852tp\release\vcpkg.applocal.log
c:\users\15812\desktop\uqac\hiver 2021\meo\tp1\8inf852tp\release\vc142.pdb
c:\users\15812\desktop\uqac\hiver 2021\meo\tp1\8inf852tp\release\smssdtsolution.obj
c:\users\15812\desktop\uqac\hiver 2021\meo\tp1\8inf852tp\release\smssdtproblem.obj
c:\users\15812\desktop\uqac\hiver 2021\meo\tp1\8inf852tp\release\8inf852tp.obj
c:\users\aymen\source\repos\8inf852tp\release\8inf852tp.exe
c:\users\aymen\source\repos\8inf852tp\release\8inf852tp.pdb
c:\users\15812\desktop\uqac\hiver 2021\meo\tp1\8inf852tp\release\8inf852tp.exe
c:\users\15812\desktop\uqac\hiver 2021\meo\tp1\8inf852tp\release\8inf852tp.pdb
c:\users\15812\desktop\uqac\hiver 2021\meo\tp1\8inf852tp\release\8inf852tp.tlog\8inf852tp.write.1u.tlog
c:\users\15812\desktop\uqac\hiver 2021\meo\tp1\8inf852tp\release\8inf852tp.tlog\cl.command.1.tlog
c:\users\15812\desktop\uqac\hiver 2021\meo\tp1\8inf852tp\release\8inf852tp.tlog\cl.read.1.tlog
c:\users\15812\desktop\uqac\hiver 2021\meo\tp1\8inf852tp\release\8inf852tp.tlog\cl.write.1.tlog
c:\users\15812\desktop\uqac\hiver 2021\meo\tp1\8inf852tp\release\8inf852tp.tlog\link.command.1.tlog
c:\users\15812\desktop\uqac\hiver 2021\meo\tp1\8inf852tp\release\8inf852tp.tlog\link.read.1.tlog
c:\users\15812\desktop\uqac\hiver 2021\meo\tp1\8inf852tp\release\8inf852tp.tlog\link.write.1.tlog
