02/08/21, 17:01:50
	0 7 2 9 6 4 3 13 5 11 14 8 12 1 10 ; 0 ; 0
02/08/21, 17:01:50
	0 1 4 13 11 9 12 14 7 6 10 2 8 3 5 ; 0 ; 0.001
02/08/21, 17:01:50
	2 9 5 4 0 6 7 13 3 1 11 14 8 12 10 ; 0 ; 0
02/08/21, 17:01:50
	2 6 3 10 14 7 9 8 13 12 1 4 0 5 11 ; 0 ; 0.001
02/08/21, 17:01:50
	5 1 8 0 11 9 2 12 4 6 14 7 13 10 3 ; 0 ; 0
02/08/21, 17:01:50
	7 6 12 8 1 5 3 9 4 11 10 0 14 2 13 ; 0 ; 0
02/08/21, 17:01:50
	7 13 9 4 1 6 11 0 8 3 14 5 12 10 2 ; 0 ; 0
02/08/21, 17:01:50
	4 5 0 11 7 1 10 6 14 9 12 3 13 8 2 ; 0 ; 0
02/08/21, 17:01:50
	10 5 3 6 7 14 11 12 0 2 4 8 1 13 9 ; 0 ; 0
02/08/21, 17:01:50
	1 13 11 6 3 4 10 12 2 7 14 8 0 9 5 ; 0 ; 0
02/08/21, 17:02:44
	0 7 2 9 6 4 3 13 5 11 14 8 12 1 10 ; 0 ; 0
02/08/21, 17:02:44
	0 1 4 13 11 9 12 14 7 6 10 2 8 3 5 ; 0 ; 0
02/08/21, 17:02:44
	2 9 5 4 0 6 7 13 3 1 11 14 8 12 10 ; 0 ; 0
02/08/21, 17:02:44
	2 6 3 10 14 7 9 8 13 12 1 4 0 5 11 ; 0 ; 0.001
02/08/21, 17:02:44
	5 1 8 0 11 9 2 12 4 6 14 7 13 10 3 ; 0 ; 0
02/08/21, 17:02:44
	7 6 12 8 1 5 3 9 4 11 10 0 14 2 13 ; 0 ; 0.001
02/08/21, 17:02:44
	7 13 9 4 1 6 11 0 8 3 14 5 12 10 2 ; 0 ; 0
02/08/21, 17:02:44
	4 5 0 11 7 1 10 6 14 9 12 3 13 8 2 ; 0 ; 0
02/08/21, 17:02:44
	10 5 3 6 7 14 11 12 0 2 4 8 1 13 9 ; 0 ; 0
02/08/21, 17:02:44
	1 13 11 6 3 4 10 12 2 7 14 8 0 9 5 ; 0 ; 0
02/08/21, 17:05:00
	0 7 2 9 6 4 3 13 5 11 14 8 12 1 10 ; 0 ; 0
02/08/21, 17:05:00
	0 1 4 13 11 9 12 14 7 6 10 2 8 3 5 ; 0 ; 0
02/08/21, 17:05:00
	2 9 5 4 0 6 7 13 3 1 11 14 8 12 10 ; 0 ; 0
02/08/21, 17:05:00
	2 6 3 10 14 7 9 8 13 12 1 4 0 5 11 ; 0 ; 0
02/08/21, 17:05:00
	5 1 8 0 11 9 2 12 4 6 14 7 13 10 3 ; 0 ; 0.001
02/08/21, 17:05:00
	7 6 12 8 1 5 3 9 4 11 10 0 14 2 13 ; 0 ; 0
02/08/21, 17:05:00
	7 13 9 4 1 6 11 0 8 3 14 5 12 10 2 ; 0 ; 0
02/08/21, 17:05:00
	4 5 0 11 7 1 10 6 14 9 12 3 13 8 2 ; 0 ; 0.001
02/08/21, 17:05:00
	10 5 3 6 7 14 11 12 0 2 4 8 1 13 9 ; 0 ; 0
02/08/21, 17:05:00
	1 13 11 6 3 4 10 12 2 7 14 8 0 9 5 ; 0 ; 0.001
