02/08/21, 17:09:38
	0 7 2 9 6 4 3 13 5 11 14 8 12 1 10 ; 0 ; 0
02/08/21, 17:09:38
	0 1 4 13 11 9 12 14 7 6 10 2 8 3 5 ; 0 ; 0
02/08/21, 17:09:38
	2 9 5 4 0 6 7 13 3 1 11 14 8 12 10 ; 0 ; 0
02/08/21, 17:09:38
	2 6 3 10 14 7 9 8 13 12 1 4 0 5 11 ; 0 ; 0.001
02/08/21, 17:09:38
	5 1 8 0 11 9 2 12 4 6 14 7 13 10 3 ; 0 ; 0.001
02/08/21, 17:09:38
	7 6 12 8 1 5 3 9 4 11 10 0 14 2 13 ; 0 ; 0
02/08/21, 17:09:38
	7 13 9 4 1 6 11 0 8 3 14 5 12 10 2 ; 0 ; 0
02/08/21, 17:09:38
	4 5 0 11 7 1 10 6 14 9 12 3 13 8 2 ; 0 ; 0
02/08/21, 17:09:38
	10 5 3 6 7 14 11 12 0 2 4 8 1 13 9 ; 0 ; 0
02/08/21, 17:09:38
	1 13 11 6 3 4 10 12 2 7 14 8 0 9 5 ; 0 ; 0
02/08/21, 17:09:59
	0 7 2 9 6 4 3 13 5 11 14 8 12 1 10 ; 0 ; 0
02/08/21, 17:09:59
	0 1 4 13 11 9 12 14 7 6 10 2 8 3 5 ; 0 ; 0
02/08/21, 17:09:59
	2 9 5 4 0 6 7 13 3 1 11 14 8 12 10 ; 0 ; 0
02/08/21, 17:09:59
	2 6 3 10 14 7 9 8 13 12 1 4 0 5 11 ; 0 ; 0
02/08/21, 17:09:59
	5 1 8 0 11 9 2 12 4 6 14 7 13 10 3 ; 0 ; 0.001
02/08/21, 17:09:59
	7 6 12 8 1 5 3 9 4 11 10 0 14 2 13 ; 0 ; 0
02/08/21, 17:09:59
	7 13 9 4 1 6 11 0 8 3 14 5 12 10 2 ; 0 ; 0
02/08/21, 17:09:59
	4 5 0 11 7 1 10 6 14 9 12 3 13 8 2 ; 0 ; 0.001
02/08/21, 17:09:59
	10 5 3 6 7 14 11 12 0 2 4 8 1 13 9 ; 0 ; 0
02/08/21, 17:09:59
	1 13 11 6 3 4 10 12 2 7 14 8 0 9 5 ; 0 ; 0.001
02/08/21, 17:10:14
	9 7 2 6 1 4 3 13 5 0 8 11 12 14 10 ; 200 ; 0.117
02/08/21, 17:10:14
	1 0 4 13 11 9 12 14 7 6 10 2 8 3 5 ; 669 ; 0.001
02/08/21, 17:10:14
	11 6 5 1 0 4 7 2 3 13 9 14 8 12 10 ; 170 ; 0.067
02/08/21, 17:10:14
	6 5 3 10 14 7 2 8 13 0 1 4 9 12 11 ; 224 ; 0.07
02/08/21, 17:10:14
	4 3 5 0 8 9 1 12 2 6 14 7 13 10 11 ; 257 ; 0.055
02/08/21, 17:10:15
	6 8 12 10 2 5 3 9 1 0 4 7 14 11 13 ; 196 ; 0.149
02/08/21, 17:10:15
	14 7 2 5 1 6 11 0 4 3 9 8 12 10 13 ; 209 ; 0.12
02/08/21, 17:10:15
	5 1 0 4 7 2 10 6 11 9 12 3 13 8 14 ; 390 ; 0.046
02/08/21, 17:10:15
	1 5 3 2 7 14 10 12 0 4 6 8 11 13 9 ; 285 ; 0.047
02/08/21, 17:10:15
	1 0 11 6 3 4 10 12 2 7 14 8 13 9 5 ; 459 ; 0.007
02/08/21, 20:09:25
	9 7 2 6 1 4 3 13 5 0 8 11 12 14 10 ; 200 ; 0.096
02/08/21, 20:09:25
	1 0 4 13 11 9 12 14 7 6 10 2 8 3 5 ; 669 ; 0.001
02/08/21, 20:09:25
	11 6 5 1 0 4 7 2 3 13 9 14 8 12 10 ; 170 ; 0.064
02/08/21, 20:09:26
	6 5 3 10 14 7 2 8 13 0 1 4 9 12 11 ; 224 ; 0.068
02/08/21, 20:09:26
	4 3 5 0 8 9 1 12 2 6 14 7 13 10 11 ; 257 ; 0.062
02/08/21, 20:09:26
	6 8 12 10 2 5 3 9 1 0 4 7 14 11 13 ; 196 ; 0.123
02/08/21, 20:09:26
	14 7 2 5 1 6 11 0 4 3 9 8 12 10 13 ; 209 ; 0.102
02/08/21, 20:09:26
	5 1 0 4 7 2 10 6 11 9 12 3 13 8 14 ; 390 ; 0.04
02/08/21, 20:09:26
	1 5 3 2 7 14 10 12 0 4 6 8 11 13 9 ; 285 ; 0.038
02/08/21, 20:09:26
	1 0 11 6 3 4 10 12 2 7 14 8 13 9 5 ; 459 ; 0.007
