12/06/20, 14:54:44
	6 5 1 0 4 7 11 10 2 3 9 8 12 14 13 ; 153 ; 4.21
12/06/20, 14:54:49
	11 4 2 7 6 5 3 12 10 1 0 8 9 14 13 ; 133 ; 4.337
12/06/20, 14:54:53
	9 1 13 11 6 4 0 5 3 7 2 8 10 12 14 ; 152 ; 4.642
12/06/20, 14:54:57
	11 4 10 1 14 2 5 3 7 6 0 8 9 13 12 ; 141 ; 3.956
12/06/20, 14:55:01
	4 10 5 3 9 1 0 8 13 7 2 6 11 14 12 ; 160 ; 3.974
12/06/20, 14:55:05
	11 4 6 0 8 9 7 2 3 12 5 1 10 14 13 ; 177 ; 3.9
12/06/20, 14:55:09
	6 0 3 5 1 4 11 10 2 8 7 9 12 14 13 ; 171 ; 3.801
12/06/20, 14:55:13
	3 13 5 1 0 4 11 6 7 2 8 9 10 14 12 ; 180 ; 3.775
12/06/20, 14:55:16
	4 0 8 13 11 6 5 3 10 1 2 7 9 12 14 ; 164 ; 3.779
12/06/20, 14:55:20
	7 6 12 10 1 0 4 3 5 14 2 8 9 13 11 ; 173 ; 3.719
02/08/21, 10:44:53
	4 11 3 1 0 10 5 2 6 8 9 7 12 14 13 ; 213 ; 0.003
02/08/21, 10:44:53
	4 13 0 2 7 6 8 9 1 5 3 10 11 12 14 ; 194 ; 0.002
02/08/21, 10:44:53
	4 0 3 6 1 5 10 2 7 8 9 11 12 14 13 ; 211 ; 0.002
02/08/21, 10:44:53
	9 7 5 6 8 2 3 1 4 14 0 10 12 11 13 ; 266 ; 0.002
02/08/21, 10:44:53
	2 14 0 9 7 6 8 4 3 13 5 1 10 11 12 ; 322 ; 0.002
02/08/21, 10:44:53
	2 4 7 6 9 1 0 10 3 5 12 8 11 14 13 ; 265 ; 0.002
02/08/21, 10:44:54
	7 2 5 3 8 1 0 10 4 11 6 12 13 9 14 ; 335 ; 0.002
02/08/21, 10:44:54
	5 0 4 14 1 10 2 7 6 3 9 8 11 13 12 ; 221 ; 0.002
02/08/21, 10:44:54
	7 2 9 1 6 10 4 3 5 13 0 8 12 11 14 ; 310 ; 0.003
02/08/21, 10:44:54
	4 5 7 9 11 3 6 1 0 2 8 12 10 14 13 ; 262 ; 0.003
02/08/21, 10:44:56
	4 11 3 1 0 10 5 2 6 8 9 7 12 14 13 ; 213 ; 0.003
02/08/21, 10:44:56
	4 13 0 2 7 6 8 9 1 5 3 10 11 12 14 ; 194 ; 0.003
02/08/21, 10:44:56
	4 0 3 6 1 5 10 2 7 8 9 11 12 14 13 ; 211 ; 0.003
02/08/21, 10:44:56
	9 7 5 6 8 2 3 1 4 14 0 10 12 11 13 ; 266 ; 0.003
02/08/21, 10:44:56
	2 14 0 9 7 6 8 4 3 13 5 1 10 11 12 ; 322 ; 0.002
02/08/21, 10:44:56
	2 4 7 6 9 1 0 10 3 5 12 8 11 14 13 ; 265 ; 0.002
02/08/21, 10:44:56
	7 2 5 3 8 1 0 10 4 11 6 12 13 9 14 ; 335 ; 0.003
02/08/21, 10:44:56
	5 0 4 14 1 10 2 7 6 3 9 8 11 13 12 ; 221 ; 0.003
02/08/21, 10:44:56
	7 2 9 1 6 10 4 3 5 13 0 8 12 11 14 ; 310 ; 0.002
02/08/21, 10:44:56
	4 5 7 9 11 3 6 1 0 2 8 12 10 14 13 ; 262 ; 0.002
02/08/21, 10:46:59
	4 11 3 1 0 10 5 2 6 8 9 7 12 14 13 ; 213 ; 0.003
02/08/21, 10:46:59
	4 13 0 2 7 6 8 9 1 5 3 10 11 12 14 ; 194 ; 0.002
02/08/21, 10:46:59
	4 0 3 6 1 5 10 2 7 8 9 11 12 14 13 ; 211 ; 0.002
02/08/21, 10:46:59
	9 7 5 6 8 2 3 1 4 14 0 10 12 11 13 ; 266 ; 0.003
02/08/21, 10:46:59
	2 14 0 9 7 6 8 4 3 13 5 1 10 11 12 ; 322 ; 0.002
02/08/21, 10:46:59
	2 4 7 6 9 1 0 10 3 5 12 8 11 14 13 ; 265 ; 0.003
02/08/21, 10:46:59
	7 2 5 3 8 1 0 10 4 11 6 12 13 9 14 ; 335 ; 0.002
02/08/21, 10:46:59
	5 0 4 14 1 10 2 7 6 3 9 8 11 13 12 ; 221 ; 0.002
02/08/21, 10:46:59
	7 2 9 1 6 10 4 3 5 13 0 8 12 11 14 ; 310 ; 0.002
02/08/21, 10:46:59
	4 5 7 9 11 3 6 1 0 2 8 12 10 14 13 ; 262 ; 0.002
02/08/21, 10:51:55
	4 11 3 1 0 10 5 2 6 8 9 7 12 14 13 ; 213 ; 0.003
02/08/21, 10:51:55
	4 13 0 2 7 6 8 9 1 5 3 10 11 12 14 ; 194 ; 0.003
02/08/21, 10:51:55
	4 0 3 6 1 5 10 2 7 8 9 11 12 14 13 ; 211 ; 0.002
02/08/21, 10:51:55
	9 7 5 6 8 2 3 1 4 14 0 10 12 11 13 ; 266 ; 0.002
02/08/21, 10:51:55
	2 14 0 9 7 6 8 4 3 13 5 1 10 11 12 ; 322 ; 0.002
02/08/21, 10:51:55
	2 4 7 6 9 1 0 10 3 5 12 8 11 14 13 ; 265 ; 0.003
02/08/21, 10:51:55
	7 2 5 3 8 1 0 10 4 11 6 12 13 9 14 ; 335 ; 0.002
02/08/21, 10:51:55
	5 0 4 14 1 10 2 7 6 3 9 8 11 13 12 ; 221 ; 0.003
02/08/21, 10:51:55
	7 2 9 1 6 10 4 3 5 13 0 8 12 11 14 ; 310 ; 0.002
02/08/21, 10:51:55
	4 5 7 9 11 3 6 1 0 2 8 12 10 14 13 ; 262 ; 0.003
02/08/21, 10:53:18
	4 11 3 1 0 10 5 2 6 8 9 7 12 14 13 ; 213 ; 0.002
02/08/21, 10:53:18
	4 13 0 2 7 6 8 9 1 5 3 10 11 12 14 ; 194 ; 0.003
02/08/21, 10:53:18
	4 0 3 6 1 5 10 2 7 8 9 11 12 14 13 ; 211 ; 0.002
02/08/21, 10:53:18
	9 7 5 6 8 2 3 1 4 14 0 10 12 11 13 ; 266 ; 0.002
02/08/21, 10:53:18
	2 14 0 9 7 6 8 4 3 13 5 1 10 11 12 ; 322 ; 0.003
02/08/21, 10:53:18
	2 4 7 6 9 1 0 10 3 5 12 8 11 14 13 ; 265 ; 0.002
02/08/21, 10:53:18
	7 2 5 3 8 1 0 10 4 11 6 12 13 9 14 ; 335 ; 0.002
02/08/21, 10:53:18
	5 0 4 14 1 10 2 7 6 3 9 8 11 13 12 ; 221 ; 0.002
02/08/21, 10:53:18
	7 2 9 1 6 10 4 3 5 13 0 8 12 11 14 ; 310 ; 0.003
02/08/21, 10:53:18
	4 5 7 9 11 3 6 1 0 2 8 12 10 14 13 ; 262 ; 0.002
02/08/21, 10:57:02
	4 11 3 1 0 10 5 2 6 8 9 7 12 14 13 ; 213 ; 0.002
02/08/21, 10:57:02
	4 13 0 2 7 6 8 9 1 5 3 10 11 12 14 ; 194 ; 0.003
02/08/21, 10:57:02
	4 0 3 6 1 5 10 2 7 8 9 11 12 14 13 ; 211 ; 0.002
02/08/21, 10:57:02
	9 7 5 6 8 2 3 1 4 14 0 10 12 11 13 ; 266 ; 0.002
02/08/21, 10:57:02
	2 14 0 9 7 6 8 4 3 13 5 1 10 11 12 ; 322 ; 0.002
02/08/21, 10:57:02
	2 4 7 6 9 1 0 10 3 5 12 8 11 14 13 ; 265 ; 0.002
02/08/21, 10:57:02
	7 2 5 3 8 1 0 10 4 11 6 12 13 9 14 ; 335 ; 0.002
02/08/21, 10:57:02
	5 0 4 14 1 10 2 7 6 3 9 8 11 13 12 ; 221 ; 0.003
02/08/21, 10:57:02
	7 2 9 1 6 10 4 3 5 13 0 8 12 11 14 ; 310 ; 0.003
02/08/21, 10:57:02
	4 5 7 9 11 3 6 1 0 2 8 12 10 14 13 ; 262 ; 0.002
02/08/21, 10:57:46
	4 11 3 1 0 10 5 2 6 8 9 7 12 14 13 ; 213 ; 0.003
02/08/21, 10:57:46
	4 13 0 2 7 6 8 9 1 5 3 10 11 12 14 ; 194 ; 0.003
02/08/21, 10:57:46
	4 0 3 6 1 5 10 2 7 8 9 11 12 14 13 ; 211 ; 0.003
02/08/21, 10:57:46
	9 7 5 6 8 2 3 1 4 14 0 10 12 11 13 ; 266 ; 0.002
02/08/21, 10:57:46
	2 14 0 9 7 6 8 4 3 13 5 1 10 11 12 ; 322 ; 0.002
02/08/21, 10:57:46
	2 4 7 6 9 1 0 10 3 5 12 8 11 14 13 ; 265 ; 0.003
02/08/21, 10:57:46
	7 2 5 3 8 1 0 10 4 11 6 12 13 9 14 ; 335 ; 0.002
02/08/21, 10:57:46
	5 0 4 14 1 10 2 7 6 3 9 8 11 13 12 ; 221 ; 0.002
02/08/21, 10:57:46
	7 2 9 1 6 10 4 3 5 13 0 8 12 11 14 ; 310 ; 0.003
02/08/21, 10:57:46
	4 5 7 9 11 3 6 1 0 2 8 12 10 14 13 ; 262 ; 0.003
02/08/21, 10:58:03
	4 11 3 1 0 10 5 2 6 8 9 7 12 14 13 ; 213 ; 0.003
02/08/21, 10:58:03
	4 13 0 2 7 6 8 9 1 5 3 10 11 12 14 ; 194 ; 0.003
02/08/21, 10:58:03
	4 0 3 6 1 5 10 2 7 8 9 11 12 14 13 ; 211 ; 0.003
02/08/21, 10:58:03
	9 7 5 6 8 2 3 1 4 14 0 10 12 11 13 ; 266 ; 0.002
02/08/21, 10:58:03
	2 14 0 9 7 6 8 4 3 13 5 1 10 11 12 ; 322 ; 0.002
02/08/21, 10:58:03
	2 4 7 6 9 1 0 10 3 5 12 8 11 14 13 ; 265 ; 0.002
02/08/21, 10:58:03
	7 2 5 3 8 1 0 10 4 11 6 12 13 9 14 ; 335 ; 0.003
02/08/21, 10:58:03
	5 0 4 14 1 10 2 7 6 3 9 8 11 13 12 ; 221 ; 0.003
02/08/21, 10:58:03
	7 2 9 1 6 10 4 3 5 13 0 8 12 11 14 ; 310 ; 0.002
02/08/21, 10:58:03
	4 5 7 9 11 3 6 1 0 2 8 12 10 14 13 ; 262 ; 0.002
02/08/21, 10:58:16
	4 11 3 1 0 10 5 2 6 8 9 7 12 14 13 ; 213 ; 0.002
02/08/21, 10:58:16
	4 13 0 2 7 6 8 9 1 5 3 10 11 12 14 ; 194 ; 0.002
02/08/21, 10:58:16
	4 0 3 6 1 5 10 2 7 8 9 11 12 14 13 ; 211 ; 0.002
02/08/21, 10:58:16
	9 7 5 6 8 2 3 1 4 14 0 10 12 11 13 ; 266 ; 0.002
02/08/21, 10:58:16
	2 14 0 9 7 6 8 4 3 13 5 1 10 11 12 ; 322 ; 0.002
02/08/21, 10:58:16
	2 4 7 6 9 1 0 10 3 5 12 8 11 14 13 ; 265 ; 0.002
02/08/21, 10:58:16
	7 2 5 3 8 1 0 10 4 11 6 12 13 9 14 ; 335 ; 0.003
02/08/21, 10:58:16
	5 0 4 14 1 10 2 7 6 3 9 8 11 13 12 ; 221 ; 0.003
02/08/21, 10:58:16
	7 2 9 1 6 10 4 3 5 13 0 8 12 11 14 ; 310 ; 0.002
02/08/21, 10:58:16
	4 5 7 9 11 3 6 1 0 2 8 12 10 14 13 ; 262 ; 0.003
